Using pre-set license
Built from '2022.3/staging' branch; Version is '2022.3.17f1 (4fc78088f837) revision 5228416'; Using compiler version '192829333'; Build Type 'Release'
OS: 'Windows 11  (10.0.22621) 64bit CoreSingleLanguage' Language: 'en' Physical Memory: 7812 MB
BatchMode: 1, IsHumanControllingUs: 0, StartBugReporterOnCrash: 0, Is64bit: 1, IsPro: 1

COMMAND LINE ARGUMENTS:
C:\Program Files\Unity\Hub\Editor\2022.3.17f1\Editor\Unity.exe
-adb2
-batchMode
-noUpm
-name
AssetImportWorker0
-projectPath
D:/Nam4/HK1-4/LapTrinhGame(2)/WorkSpace/week2
-logFile
Logs/AssetImportWorker0.log
-srvPort
63025
Successfully changed project path to: D:/Nam4/HK1-4/LapTrinhGame(2)/WorkSpace/week2
D:/Nam4/HK1-4/LapTrinhGame(2)/WorkSpace/week2
[UnityMemory] Configuration Parameters - Can be set up in boot.config
    "memorysetup-bucket-allocator-granularity=16"
    "memorysetup-bucket-allocator-bucket-count=8"
    "memorysetup-bucket-allocator-block-size=33554432"
    "memorysetup-bucket-allocator-block-count=8"
    "memorysetup-main-allocator-block-size=16777216"
    "memorysetup-thread-allocator-block-size=16777216"
    "memorysetup-gfx-main-allocator-block-size=16777216"
    "memorysetup-gfx-thread-allocator-block-size=16777216"
    "memorysetup-cache-allocator-block-size=4194304"
    "memorysetup-typetree-allocator-block-size=2097152"
    "memorysetup-profiler-bucket-allocator-granularity=16"
    "memorysetup-profiler-bucket-allocator-bucket-count=8"
    "memorysetup-profiler-bucket-allocator-block-size=33554432"
    "memorysetup-profiler-bucket-allocator-block-count=8"
    "memorysetup-profiler-allocator-block-size=16777216"
    "memorysetup-profiler-editor-allocator-block-size=1048576"
    "memorysetup-temp-allocator-size-main=16777216"
    "memorysetup-job-temp-allocator-block-size=2097152"
    "memorysetup-job-temp-allocator-block-size-background=1048576"
    "memorysetup-job-temp-allocator-reduction-small-platforms=262144"
    "memorysetup-allocator-temp-initial-block-size-main=262144"
    "memorysetup-allocator-temp-initial-block-size-worker=262144"
    "memorysetup-temp-allocator-size-background-worker=32768"
    "memorysetup-temp-allocator-size-job-worker=262144"
    "memorysetup-temp-allocator-size-preload-manager=33554432"
    "memorysetup-temp-allocator-size-nav-mesh-worker=65536"
    "memorysetup-temp-allocator-size-audio-worker=65536"
    "memorysetup-temp-allocator-size-cloud-worker=32768"
    "memorysetup-temp-allocator-size-gi-baking-worker=262144"
    "memorysetup-temp-allocator-size-gfx=262144"
Player connection [18548] Host "[IP] 10.60.69.208 [Port] 0 [Flags] 2 [Guid] 453362574 [EditorId] 453362574 [Version] 1048832 [Id] WindowsEditor(7,LAPTOP-5FDBJ5TF) [Debug] 1 [PackageName] WindowsEditor [ProjectName] Editor" joined multi-casting on [225.0.0.222:54997]...

Player connection [18548] Host "[IP] 10.60.69.208 [Port] 0 [Flags] 2 [Guid] 453362574 [EditorId] 453362574 [Version] 1048832 [Id] WindowsEditor(7,LAPTOP-5FDBJ5TF) [Debug] 1 [PackageName] WindowsEditor [ProjectName] Editor" joined alternative multi-casting on [225.0.0.222:34997]...

[Physics::Module] Initialized MultithreadedJobDispatcher with 15 workers.
Refreshing native plugins compatible for Editor in 20.99 ms, found 4 plugins.
Preloading 0 native plugins for Editor in 0.00 ms.
Initialize engine version: 2022.3.17f1 (4fc78088f837)
[Subsystems] Discovering subsystems at path C:/Program Files/Unity/Hub/Editor/2022.3.17f1/Editor/Data/Resources/UnitySubsystems
[Subsystems] Discovering subsystems at path D:/Nam4/HK1-4/LapTrinhGame(2)/WorkSpace/week2/Assets
GfxDevice: creating device client; threaded=0; jobified=0
Direct3D:
    Version:  Direct3D 11.0 [level 11.1]
    Renderer: NVIDIA GeForce RTX 3050 Laptop GPU (ID=0x25a2)
    Vendor:   NVIDIA
    VRAM:     3977 MB
    Driver:   31.0.15.2852
Initialize mono
Mono path[0] = 'C:/Program Files/Unity/Hub/Editor/2022.3.17f1/Editor/Data/Managed'
Mono path[1] = 'C:/Program Files/Unity/Hub/Editor/2022.3.17f1/Editor/Data/MonoBleedingEdge/lib/mono/unityjit-win32'
Mono config path = 'C:/Program Files/Unity/Hub/Editor/2022.3.17f1/Editor/Data/MonoBleedingEdge/etc'
Using monoOptions --debugger-agent=transport=dt_socket,embedding=1,server=y,suspend=n,address=127.0.0.1:56372
Begin MonoManager ReloadAssembly
Registering precompiled unity dll's ...
Register platform support module: C:/Program Files/Unity/Hub/Editor/2022.3.17f1/Editor/Data/PlaybackEngines/WebGLSupport/UnityEditor.WebGL.Extensions.dll
Register platform support module: C:/Program Files/Unity/Hub/Editor/2022.3.17f1/Editor/Data/PlaybackEngines/WindowsStandaloneSupport/UnityEditor.WindowsStandalone.Extensions.dll
Registered in 0.011826 seconds.
- Loaded All Assemblies, in  0.422 seconds
Native extension for WindowsStandalone target not found
Native extension for WebGL target not found
Mono: successfully reloaded assembly
- Finished resetting the current domain, in  0.270 seconds
Domain Reload Profiling: 690ms
	BeginReloadAssembly (163ms)
		ExecutionOrderSort (0ms)
		DisableScriptedObjects (0ms)
		BackupInstance (0ms)
		ReleaseScriptingObjects (0ms)
		CreateAndSetChildDomain (3ms)
	RebuildCommonClasses (35ms)
	RebuildNativeTypeToScriptingClass (9ms)
	initialDomainReloadingComplete (67ms)
	LoadAllAssembliesAndSetupDomain (146ms)
		LoadAssemblies (157ms)
		RebuildTransferFunctionScriptingTraits (0ms)
		AnalyzeDomain (143ms)
			TypeCache.Refresh (142ms)
				TypeCache.ScanAssembly (125ms)
			ScanForSourceGeneratedMonoScriptInfo (0ms)
			ResolveRequiredComponents (0ms)
	FinalizeReload (270ms)
		ReleaseScriptCaches (0ms)
		RebuildScriptCaches (0ms)
		SetupLoadedEditorAssemblies (212ms)
			LogAssemblyErrors (0ms)
			InitializePlatformSupportModulesInManaged (13ms)
			SetLoadedEditorAssemblies (6ms)
			RefreshPlugins (0ms)
			BeforeProcessingInitializeOnLoad (4ms)
			ProcessInitializeOnLoadAttributes (138ms)
			ProcessInitializeOnLoadMethodAttributes (51ms)
			AfterProcessingInitializeOnLoad (0ms)
			EditorAssembliesLoaded (0ms)
		ExecutionOrderSort2 (0ms)
		AwakeInstancesAfterBackupRestoration (0ms)
========================================================================
Worker process is ready to serve import requests
Begin MonoManager ReloadAssembly
- Loaded All Assemblies, in  1.036 seconds
Refreshing native plugins compatible for Editor in 5.92 ms, found 4 plugins.
Native extension for WindowsStandalone target not found
Native extension for WebGL target not found
Package Manager log level set to [2]
[Package Manager] Server::EnsureServerProcessIsRunning -- launch failed, reason: Unity was launched with the -noUpm command-line argument
[Package Manager] UpmClient::Send -- Unable to send message (not connected to UPM process).
[Package Manager] Cannot connect to Unity Package Manager local server
Mono: successfully reloaded assembly
- Finished resetting the current domain, in  0.973 seconds
Domain Reload Profiling: 2008ms
	BeginReloadAssembly (176ms)
		ExecutionOrderSort (0ms)
		DisableScriptedObjects (5ms)
		BackupInstance (0ms)
		ReleaseScriptingObjects (0ms)
		CreateAndSetChildDomain (32ms)
	RebuildCommonClasses (30ms)
	RebuildNativeTypeToScriptingClass (9ms)
	initialDomainReloadingComplete (42ms)
	LoadAllAssembliesAndSetupDomain (777ms)
		LoadAssemblies (559ms)
		RebuildTransferFunctionScriptingTraits (0ms)
		AnalyzeDomain (319ms)
			TypeCache.Refresh (272ms)
				TypeCache.ScanAssembly (237ms)
			ScanForSourceGeneratedMonoScriptInfo (39ms)
			ResolveRequiredComponents (7ms)
	FinalizeReload (974ms)
		ReleaseScriptCaches (0ms)
		RebuildScriptCaches (0ms)
		SetupLoadedEditorAssemblies (726ms)
			LogAssemblyErrors (0ms)
			InitializePlatformSupportModulesInManaged (15ms)
			SetLoadedEditorAssemblies (6ms)
			RefreshPlugins (0ms)
			BeforeProcessingInitializeOnLoad (100ms)
			ProcessInitializeOnLoadAttributes (538ms)
			ProcessInitializeOnLoadMethodAttributes (53ms)
			AfterProcessingInitializeOnLoad (13ms)
			EditorAssembliesLoaded (1ms)
		ExecutionOrderSort2 (0ms)
		AwakeInstancesAfterBackupRestoration (12ms)
Launched and connected shader compiler UnityShaderCompiler.exe after 0.08 seconds
Refreshing native plugins compatible for Editor in 5.07 ms, found 4 plugins.
Preloading 0 native plugins for Editor in 0.00 ms.
Unloading 4018 Unused Serialized files (Serialized files now loaded: 0)
Unloading 70 unused Assets / (244.3 KB). Loaded Objects now: 4473.
Memory consumption went from 145.2 MB to 144.9 MB.
Total: 7.124200 ms (FindLiveObjects: 0.790400 ms CreateObjectMapping: 0.453200 ms MarkObjects: 5.648500 ms  DeleteObjects: 0.230200 ms)

AssetImportParameters requested are different than current active one (requested -> active):
  custom:container-demuxer-ogg: 62fdf1f143b41e24485cea50d1cbac27 -> 
  custom:video-codec-MediaFoundation-h265: 746d11721c4dcdbdad8f713fa42b33f4 -> 
  custom:video-decoder-ogg-theora: a1e56fd34408186e4bbccfd4996cb3dc -> 
  custom:framework-win-MediaFoundation: 216162199b28c13a410421893ffa2e32 -> 
  custom:CustomObjectIndexerAttribute: 6d391050e5a25f67b0a2c618074f2cd9 -> 
  custom:container-demuxer-webm: 4f35f7cbe854078d1ac9338744f61a02 -> 
  custom:container-muxer-webm: aa71ff27fc2769a1b78a27578f13a17b -> 
  custom:video-decoder-webm-vp8: 9c59270c3fd7afecdb556c50c9e8de78 -> 
  custom:SearchIndexIgnoredProperties: e643bd26f0fe6173181afceb89e7c659 -> 
  custom:AudioImporter_EditorPlatform: d09bf68614088b80899f8185d706f6e7 -> 
  custom:video-encoder-webm-vp8: eb34c28f22e8b96e1ab97ce403110664 -> 
  custom:audio-decoder-ogg-vorbis: bf7c407c2cedff20999df2af8eb42d56 -> 
  custom:audio-encoder-webm-vorbis: bf7c407c2cedff20999df2af8eb42d56 -> 
========================================================================
Received Import Request.
  Time since last request: 220386.767951 seconds.
  path: Assets/Prefabs/Exit.prefab
  artifactKey: Guid(f27645141bbc0ca4baf511aed25c4676) Importer(815301076,1909f56bfc062723c751e8b465ee728b)
Start importing Assets/Prefabs/Exit.prefab using Guid(f27645141bbc0ca4baf511aed25c4676) Importer(815301076,1909f56bfc062723c751e8b465ee728b)  -> (artifact id: '46280a74e1423ac147aa54a72cf301d2') in 0.054787 seconds
Number of updated asset objects reloaded before import = 0
Number of asset objects unloaded after import = 7
========================================================================
Received Import Request.
  Time since last request: 127.473861 seconds.
  path: ProjectSettings/TagManager.asset
  artifactKey: Guid(00000000000000003000000000000000) Importer(815301076,1909f56bfc062723c751e8b465ee728b)
Start importing ProjectSettings/TagManager.asset using Guid(00000000000000003000000000000000) Importer(815301076,1909f56bfc062723c751e8b465ee728b)  -> (artifact id: '6b9326e97e2461385864aa44f9e28ada') in 0.001005 seconds
Number of updated asset objects reloaded before import = 0
Number of asset objects unloaded after import = 0
========================================================================
Received Import Request.
  Time since last request: 2259.964367 seconds.
  path: Assets/Tilemap and Tile Palette
  artifactKey: Guid(20c5121b91fb82547ba8cbf84b7840d0) Importer(815301076,1909f56bfc062723c751e8b465ee728b)
Start importing Assets/Tilemap and Tile Palette using Guid(20c5121b91fb82547ba8cbf84b7840d0) Importer(815301076,1909f56bfc062723c751e8b465ee728b)  -> (artifact id: '28dc50155ae8d3332c50f77e04c7f922') in 0.026981 seconds
Number of updated asset objects reloaded before import = 0
Number of asset objects unloaded after import = 0
========================================================================
Received Import Request.
  Time since last request: 8.487297 seconds.
  path: Assets/Slide 1.2-Assets
  artifactKey: Guid(0c69ac43259630347988a1e0d4a05bf2) Importer(815301076,1909f56bfc062723c751e8b465ee728b)
Start importing Assets/Slide 1.2-Assets using Guid(0c69ac43259630347988a1e0d4a05bf2) Importer(815301076,1909f56bfc062723c751e8b465ee728b)  -> (artifact id: '661a3264156f84125f5def8d839fb354') in 0.002490 seconds
Number of updated asset objects reloaded before import = 0
Number of asset objects unloaded after import = 0
========================================================================
Received Import Request.
  Time since last request: 3.128615 seconds.
  path: Assets/Slide 1.2-Assets/Levels
  artifactKey: Guid(381f4a12d47cf5b41a06042e47947fe7) Importer(815301076,1909f56bfc062723c751e8b465ee728b)
Start importing Assets/Slide 1.2-Assets/Levels using Guid(381f4a12d47cf5b41a06042e47947fe7) Importer(815301076,1909f56bfc062723c751e8b465ee728b)  -> (artifact id: '7e5cc941c4c126d07ecb1e1fdf9b6f72') in 0.001842 seconds
Number of updated asset objects reloaded before import = 0
Number of asset objects unloaded after import = 0
========================================================================
Received Import Request.
  Time since last request: 1.688134 seconds.
  path: Assets/Slide 1.2-Assets/Levels/Level 1.unity
  artifactKey: Guid(863b17718fbebf5439569fa6876bb1df) Importer(815301076,1909f56bfc062723c751e8b465ee728b)
Start importing Assets/Slide 1.2-Assets/Levels/Level 1.unity using Guid(863b17718fbebf5439569fa6876bb1df) Importer(815301076,1909f56bfc062723c751e8b465ee728b)  -> (artifact id: 'f772f075d55be48d145d864cae36535a') in 0.000914 seconds
Number of updated asset objects reloaded before import = 0
Number of asset objects unloaded after import = 0
========================================================================
Received Import Request.
  Time since last request: 5.123142 seconds.
  path: Assets/Slide 1.2-Assets/Prefabs
  artifactKey: Guid(4969f53e1f5c99446a2fc14395bcf760) Importer(815301076,1909f56bfc062723c751e8b465ee728b)
Start importing Assets/Slide 1.2-Assets/Prefabs using Guid(4969f53e1f5c99446a2fc14395bcf760) Importer(815301076,1909f56bfc062723c751e8b465ee728b)  -> (artifact id: '612f32fdb9c74cc8c0047651db4b9cc0') in 0.000611 seconds
Number of updated asset objects reloaded before import = 0
Number of asset objects unloaded after import = 0
========================================================================
Received Import Request.
  Time since last request: 1.076579 seconds.
  path: Assets/Slide 1.2-Assets/Prefabs/Exit.prefab
  artifactKey: Guid(73168dd0882c0344aa586dfaccb752bf) Importer(815301076,1909f56bfc062723c751e8b465ee728b)
Start importing Assets/Slide 1.2-Assets/Prefabs/Exit.prefab using Guid(73168dd0882c0344aa586dfaccb752bf) Importer(815301076,1909f56bfc062723c751e8b465ee728b)  -> (artifact id: 'cacdbd71fcc7a1086341e911d3536c2c') in 0.670854 seconds
Number of updated asset objects reloaded before import = 0
Number of asset objects unloaded after import = 9
========================================================================
Received Import Request.
  Time since last request: 261.668346 seconds.
  path: Assets/Slide 1.2-Assets/Prefabs/1.2_Basic-Game-Object
  artifactKey: Guid(97434b16de154b140861f820992d52bd) Importer(815301076,1909f56bfc062723c751e8b465ee728b)
Start importing Assets/Slide 1.2-Assets/Prefabs/1.2_Basic-Game-Object using Guid(97434b16de154b140861f820992d52bd) Importer(815301076,1909f56bfc062723c751e8b465ee728b)  -> (artifact id: '8a2309386a9882650d5ea27fa1714453') in 0.002291 seconds
Number of updated asset objects reloaded before import = 0
Number of asset objects unloaded after import = 0
========================================================================
Received Import Request.
  Time since last request: 0.160886 seconds.
  path: Assets/Slide 1.2-Assets/Prefabs/1.2_Basic-Game-Object/Background Tilemap.prefab
  artifactKey: Guid(d0b1772a08d70b64fa72189790c396e9) Importer(815301076,1909f56bfc062723c751e8b465ee728b)
Start importing Assets/Slide 1.2-Assets/Prefabs/1.2_Basic-Game-Object/Background Tilemap.prefab using Guid(d0b1772a08d70b64fa72189790c396e9) Importer(815301076,1909f56bfc062723c751e8b465ee728b)  -> (artifact id: 'ba0e033a2e6ab50d4af5c900d26ad9db') in 0.079417 seconds
Number of updated asset objects reloaded before import = 0
Number of asset objects unloaded after import = 34
========================================================================
Received Import Request.
  Time since last request: 0.000044 seconds.
  path: Assets/Slide 1.2-Assets/Prefabs/1.2_Basic-Game-Object/Hazards Tilemap.prefab
  artifactKey: Guid(c801ba432943ede42859d0df5571c2fa) Importer(815301076,1909f56bfc062723c751e8b465ee728b)
Start importing Assets/Slide 1.2-Assets/Prefabs/1.2_Basic-Game-Object/Hazards Tilemap.prefab using Guid(c801ba432943ede42859d0df5571c2fa) Importer(815301076,1909f56bfc062723c751e8b465ee728b)  -> (artifact id: 'f2a6c46ed1237c0d8ec46c126e379b16') in 0.015089 seconds
Number of updated asset objects reloaded before import = 0
Number of asset objects unloaded after import = 10
========================================================================
Received Import Request.
  Time since last request: 0.000048 seconds.
  path: Assets/Slide 1.2-Assets/Prefabs/1.2_Basic-Game-Object/Tilemap Grid.prefab
  artifactKey: Guid(17d38a32b7726b44eaf20cec61b3fb48) Importer(815301076,1909f56bfc062723c751e8b465ee728b)
Start importing Assets/Slide 1.2-Assets/Prefabs/1.2_Basic-Game-Object/Tilemap Grid.prefab using Guid(17d38a32b7726b44eaf20cec61b3fb48) Importer(815301076,1909f56bfc062723c751e8b465ee728b)  -> (artifact id: '1f54acdbe9a91795a125aa4b0d388696') in 0.004332 seconds
Number of updated asset objects reloaded before import = 0
Number of asset objects unloaded after import = 5
========================================================================
Received Import Request.
  Time since last request: 0.000022 seconds.
  path: Assets/Slide 1.2-Assets/Prefabs/1.2_Basic-Game-Object/Cameras.prefab
  artifactKey: Guid(cebb456e9d095ad478f195a50614980c) Importer(815301076,1909f56bfc062723c751e8b465ee728b)
Start importing Assets/Slide 1.2-Assets/Prefabs/1.2_Basic-Game-Object/Cameras.prefab using Guid(cebb456e9d095ad478f195a50614980c) Importer(815301076,1909f56bfc062723c751e8b465ee728b)  -> (artifact id: 'a5e02bfabf3b2d66cb02e3b03ccb7553') in 0.004484 seconds
Number of updated asset objects reloaded before import = 0
Number of asset objects unloaded after import = 8
========================================================================
Received Import Request.
  Time since last request: 0.000025 seconds.
  path: Assets/Slide 1.2-Assets/Prefabs/1.2_Basic-Game-Object/Platforms Tilemap.prefab
  artifactKey: Guid(a1f88dafc15776243a5b743c1c95d663) Importer(815301076,1909f56bfc062723c751e8b465ee728b)
Start importing Assets/Slide 1.2-Assets/Prefabs/1.2_Basic-Game-Object/Platforms Tilemap.prefab using Guid(a1f88dafc15776243a5b743c1c95d663) Importer(815301076,1909f56bfc062723c751e8b465ee728b)  -> (artifact id: '493c7a72f850dc9471a562a21a852aa5') in 0.079314 seconds
Number of updated asset objects reloaded before import = 0
Number of asset objects unloaded after import = 36
Editor requested this worker to shutdown with reason: Scaling down because of idle timeout
TcpMessagingSession - receive error: operation aborted. errorcode: 995, details: The I/O operation has been aborted because of either a thread exit or an application request.
AssetImportWorker is now disconnected from the server
Process exiting
Exiting without the bug reporter. Application will terminate with return code 0