Using pre-set license
Built from '2022.3/staging' branch; Version is '2022.3.17f1 (4fc78088f837) revision 5228416'; Using compiler version '192829333'; Build Type 'Release'
OS: 'Windows 11  (10.0.22621) 64bit CoreSingleLanguage' Language: 'en' Physical Memory: 7812 MB
BatchMode: 1, IsHumanControllingUs: 0, StartBugReporterOnCrash: 0, Is64bit: 1, IsPro: 1

COMMAND LINE ARGUMENTS:
C:\Program Files\Unity\Hub\Editor\2022.3.17f1\Editor\Unity.exe
-adb2
-batchMode
-noUpm
-name
AssetImportWorker2
-projectPath
D:/Nam4/HK1-4/LapTrinhGame(2)/WorkSpace/week2
-logFile
Logs/AssetImportWorker2.log
-srvPort
63025
Successfully changed project path to: D:/Nam4/HK1-4/LapTrinhGame(2)/WorkSpace/week2
D:/Nam4/HK1-4/LapTrinhGame(2)/WorkSpace/week2
[UnityMemory] Configuration Parameters - Can be set up in boot.config
    "memorysetup-bucket-allocator-granularity=16"
    "memorysetup-bucket-allocator-bucket-count=8"
    "memorysetup-bucket-allocator-block-size=33554432"
    "memorysetup-bucket-allocator-block-count=8"
    "memorysetup-main-allocator-block-size=16777216"
    "memorysetup-thread-allocator-block-size=16777216"
    "memorysetup-gfx-main-allocator-block-size=16777216"
    "memorysetup-gfx-thread-allocator-block-size=16777216"
    "memorysetup-cache-allocator-block-size=4194304"
    "memorysetup-typetree-allocator-block-size=2097152"
    "memorysetup-profiler-bucket-allocator-granularity=16"
    "memorysetup-profiler-bucket-allocator-bucket-count=8"
    "memorysetup-profiler-bucket-allocator-block-size=33554432"
    "memorysetup-profiler-bucket-allocator-block-count=8"
    "memorysetup-profiler-allocator-block-size=16777216"
    "memorysetup-profiler-editor-allocator-block-size=1048576"
    "memorysetup-temp-allocator-size-main=16777216"
    "memorysetup-job-temp-allocator-block-size=2097152"
    "memorysetup-job-temp-allocator-block-size-background=1048576"
    "memorysetup-job-temp-allocator-reduction-small-platforms=262144"
    "memorysetup-allocator-temp-initial-block-size-main=262144"
    "memorysetup-allocator-temp-initial-block-size-worker=262144"
    "memorysetup-temp-allocator-size-background-worker=32768"
    "memorysetup-temp-allocator-size-job-worker=262144"
    "memorysetup-temp-allocator-size-preload-manager=33554432"
    "memorysetup-temp-allocator-size-nav-mesh-worker=65536"
    "memorysetup-temp-allocator-size-audio-worker=65536"
    "memorysetup-temp-allocator-size-cloud-worker=32768"
    "memorysetup-temp-allocator-size-gi-baking-worker=262144"
    "memorysetup-temp-allocator-size-gfx=262144"
Player connection [16900] Host "[IP] 10.60.69.208 [Port] 0 [Flags] 2 [Guid] 1749781518 [EditorId] 1749781518 [Version] 1048832 [Id] WindowsEditor(7,LAPTOP-5FDBJ5TF) [Debug] 1 [PackageName] WindowsEditor [ProjectName] Editor" joined multi-casting on [225.0.0.222:54997]...

Player connection [16900] Host "[IP] 10.60.69.208 [Port] 0 [Flags] 2 [Guid] 1749781518 [EditorId] 1749781518 [Version] 1048832 [Id] WindowsEditor(7,LAPTOP-5FDBJ5TF) [Debug] 1 [PackageName] WindowsEditor [ProjectName] Editor" joined alternative multi-casting on [225.0.0.222:34997]...

[Physics::Module] Initialized MultithreadedJobDispatcher with 15 workers.
Refreshing native plugins compatible for Editor in 22.25 ms, found 4 plugins.
Preloading 0 native plugins for Editor in 0.00 ms.
Initialize engine version: 2022.3.17f1 (4fc78088f837)
[Subsystems] Discovering subsystems at path C:/Program Files/Unity/Hub/Editor/2022.3.17f1/Editor/Data/Resources/UnitySubsystems
[Subsystems] Discovering subsystems at path D:/Nam4/HK1-4/LapTrinhGame(2)/WorkSpace/week2/Assets
GfxDevice: creating device client; threaded=0; jobified=0
Direct3D:
    Version:  Direct3D 11.0 [level 11.1]
    Renderer: NVIDIA GeForce RTX 3050 Laptop GPU (ID=0x25a2)
    Vendor:   NVIDIA
    VRAM:     3977 MB
    Driver:   31.0.15.2852
Initialize mono
Mono path[0] = 'C:/Program Files/Unity/Hub/Editor/2022.3.17f1/Editor/Data/Managed'
Mono path[1] = 'C:/Program Files/Unity/Hub/Editor/2022.3.17f1/Editor/Data/MonoBleedingEdge/lib/mono/unityjit-win32'
Mono config path = 'C:/Program Files/Unity/Hub/Editor/2022.3.17f1/Editor/Data/MonoBleedingEdge/etc'
Using monoOptions --debugger-agent=transport=dt_socket,embedding=1,server=y,suspend=n,address=127.0.0.1:56964
Begin MonoManager ReloadAssembly
Registering precompiled unity dll's ...
Register platform support module: C:/Program Files/Unity/Hub/Editor/2022.3.17f1/Editor/Data/PlaybackEngines/WebGLSupport/UnityEditor.WebGL.Extensions.dll
Register platform support module: C:/Program Files/Unity/Hub/Editor/2022.3.17f1/Editor/Data/PlaybackEngines/WindowsStandaloneSupport/UnityEditor.WindowsStandalone.Extensions.dll
Registered in 0.011847 seconds.
- Loaded All Assemblies, in  0.394 seconds
Native extension for WindowsStandalone target not found
Native extension for WebGL target not found
Mono: successfully reloaded assembly
- Finished resetting the current domain, in  0.214 seconds
Domain Reload Profiling: 606ms
	BeginReloadAssembly (150ms)
		ExecutionOrderSort (0ms)
		DisableScriptedObjects (0ms)
		BackupInstance (0ms)
		ReleaseScriptingObjects (0ms)
		CreateAndSetChildDomain (2ms)
	RebuildCommonClasses (34ms)
	RebuildNativeTypeToScriptingClass (8ms)
	initialDomainReloadingComplete (69ms)
	LoadAllAssembliesAndSetupDomain (130ms)
		LoadAssemblies (146ms)
		RebuildTransferFunctionScriptingTraits (0ms)
		AnalyzeDomain (127ms)
			TypeCache.Refresh (125ms)
				TypeCache.ScanAssembly (109ms)
			ScanForSourceGeneratedMonoScriptInfo (0ms)
			ResolveRequiredComponents (1ms)
	FinalizeReload (214ms)
		ReleaseScriptCaches (0ms)
		RebuildScriptCaches (0ms)
		SetupLoadedEditorAssemblies (167ms)
			LogAssemblyErrors (0ms)
			InitializePlatformSupportModulesInManaged (10ms)
			SetLoadedEditorAssemblies (5ms)
			RefreshPlugins (0ms)
			BeforeProcessingInitializeOnLoad (3ms)
			ProcessInitializeOnLoadAttributes (113ms)
			ProcessInitializeOnLoadMethodAttributes (36ms)
			AfterProcessingInitializeOnLoad (0ms)
			EditorAssembliesLoaded (0ms)
		ExecutionOrderSort2 (0ms)
		AwakeInstancesAfterBackupRestoration (0ms)
========================================================================
Worker process is ready to serve import requests
Begin MonoManager ReloadAssembly
- Loaded All Assemblies, in  0.861 seconds
Refreshing native plugins compatible for Editor in 5.93 ms, found 4 plugins.
Native extension for WindowsStandalone target not found
Native extension for WebGL target not found
Package Manager log level set to [2]
[Package Manager] Server::EnsureServerProcessIsRunning -- launch failed, reason: Unity was launched with the -noUpm command-line argument
[Package Manager] UpmClient::Send -- Unable to send message (not connected to UPM process).
[Package Manager] Cannot connect to Unity Package Manager local server
Mono: successfully reloaded assembly
- Finished resetting the current domain, in  0.520 seconds
Domain Reload Profiling: 1377ms
	BeginReloadAssembly (149ms)
		ExecutionOrderSort (0ms)
		DisableScriptedObjects (4ms)
		BackupInstance (0ms)
		ReleaseScriptingObjects (0ms)
		CreateAndSetChildDomain (20ms)
	RebuildCommonClasses (24ms)
	RebuildNativeTypeToScriptingClass (12ms)
	initialDomainReloadingComplete (35ms)
	LoadAllAssembliesAndSetupDomain (637ms)
		LoadAssemblies (524ms)
		RebuildTransferFunctionScriptingTraits (0ms)
		AnalyzeDomain (207ms)
			TypeCache.Refresh (181ms)
				TypeCache.ScanAssembly (162ms)
			ScanForSourceGeneratedMonoScriptInfo (22ms)
			ResolveRequiredComponents (3ms)
	FinalizeReload (520ms)
		ReleaseScriptCaches (0ms)
		RebuildScriptCaches (0ms)
		SetupLoadedEditorAssemblies (378ms)
			LogAssemblyErrors (0ms)
			InitializePlatformSupportModulesInManaged (9ms)
			SetLoadedEditorAssemblies (3ms)
			RefreshPlugins (0ms)
			BeforeProcessingInitializeOnLoad (52ms)
			ProcessInitializeOnLoadAttributes (272ms)
			ProcessInitializeOnLoadMethodAttributes (34ms)
			AfterProcessingInitializeOnLoad (8ms)
			EditorAssembliesLoaded (0ms)
		ExecutionOrderSort2 (0ms)
		AwakeInstancesAfterBackupRestoration (9ms)
Launched and connected shader compiler UnityShaderCompiler.exe after 0.07 seconds
Refreshing native plugins compatible for Editor in 3.23 ms, found 4 plugins.
Preloading 0 native plugins for Editor in 0.00 ms.
Unloading 4018 Unused Serialized files (Serialized files now loaded: 0)
Unloading 70 unused Assets / (244.4 KB). Loaded Objects now: 4474.
Memory consumption went from 145.3 MB to 145.0 MB.
Total: 3.394100 ms (FindLiveObjects: 0.244000 ms CreateObjectMapping: 0.107800 ms MarkObjects: 2.774400 ms  DeleteObjects: 0.267000 ms)

AssetImportParameters requested are different than current active one (requested -> active):
  custom:container-demuxer-ogg: 62fdf1f143b41e24485cea50d1cbac27 -> 
  custom:video-codec-MediaFoundation-h265: 746d11721c4dcdbdad8f713fa42b33f4 -> 
  custom:video-decoder-ogg-theora: a1e56fd34408186e4bbccfd4996cb3dc -> 
  custom:framework-win-MediaFoundation: 216162199b28c13a410421893ffa2e32 -> 
  custom:CustomObjectIndexerAttribute: 6d391050e5a25f67b0a2c618074f2cd9 -> 
  custom:container-demuxer-webm: 4f35f7cbe854078d1ac9338744f61a02 -> 
  custom:container-muxer-webm: aa71ff27fc2769a1b78a27578f13a17b -> 
  custom:video-decoder-webm-vp8: 9c59270c3fd7afecdb556c50c9e8de78 -> 
  custom:SearchIndexIgnoredProperties: e643bd26f0fe6173181afceb89e7c659 -> 
  custom:AudioImporter_EditorPlatform: d09bf68614088b80899f8185d706f6e7 -> 
  custom:video-encoder-webm-vp8: eb34c28f22e8b96e1ab97ce403110664 -> 
  custom:audio-decoder-ogg-vorbis: bf7c407c2cedff20999df2af8eb42d56 -> 
  custom:audio-encoder-webm-vorbis: bf7c407c2cedff20999df2af8eb42d56 -> 
========================================================================
Received Prepare
Begin MonoManager ReloadAssembly
- Loaded All Assemblies, in  0.385 seconds
Refreshing native plugins compatible for Editor in 2.10 ms, found 4 plugins.
Native extension for WindowsStandalone target not found
Native extension for WebGL target not found
[Package Manager] Server::EnsureServerProcessIsRunning -- launch failed, reason: Unity was launched with the -noUpm command-line argument
[Package Manager] UpmClient::Send -- Unable to send message (not connected to UPM process).
[Package Manager] Cannot connect to Unity Package Manager local server
Mono: successfully reloaded assembly
- Finished resetting the current domain, in  0.995 seconds
Domain Reload Profiling: 1379ms
	BeginReloadAssembly (139ms)
		ExecutionOrderSort (0ms)
		DisableScriptedObjects (8ms)
		BackupInstance (0ms)
		ReleaseScriptingObjects (0ms)
		CreateAndSetChildDomain (30ms)
	RebuildCommonClasses (25ms)
	RebuildNativeTypeToScriptingClass (8ms)
	initialDomainReloadingComplete (28ms)
	LoadAllAssembliesAndSetupDomain (182ms)
		LoadAssemblies (247ms)
		RebuildTransferFunctionScriptingTraits (0ms)
		AnalyzeDomain (10ms)
			TypeCache.Refresh (5ms)
				TypeCache.ScanAssembly (0ms)
			ScanForSourceGeneratedMonoScriptInfo (0ms)
			ResolveRequiredComponents (4ms)
	FinalizeReload (996ms)
		ReleaseScriptCaches (0ms)
		RebuildScriptCaches (0ms)
		SetupLoadedEditorAssemblies (381ms)
			LogAssemblyErrors (0ms)
			InitializePlatformSupportModulesInManaged (6ms)
			SetLoadedEditorAssemblies (3ms)
			RefreshPlugins (0ms)
			BeforeProcessingInitializeOnLoad (68ms)
			ProcessInitializeOnLoadAttributes (266ms)
			ProcessInitializeOnLoadMethodAttributes (30ms)
			AfterProcessingInitializeOnLoad (8ms)
			EditorAssembliesLoaded (0ms)
		ExecutionOrderSort2 (0ms)
		AwakeInstancesAfterBackupRestoration (13ms)
Refreshing native plugins compatible for Editor in 2.02 ms, found 4 plugins.
Preloading 0 native plugins for Editor in 0.00 ms.
Unloading 4013 Unused Serialized files (Serialized files now loaded: 0)
Unloading 42 unused Assets / (216.5 KB). Loaded Objects now: 4479.
Memory consumption went from 145.9 MB to 145.7 MB.
Total: 4.131700 ms (FindLiveObjects: 0.286200 ms CreateObjectMapping: 0.104600 ms MarkObjects: 3.538600 ms  DeleteObjects: 0.200800 ms)

Prepare: number of updated asset objects reloaded= 0
AssetImportParameters requested are different than current active one (requested -> active):
  custom:container-demuxer-ogg: 62fdf1f143b41e24485cea50d1cbac27 -> 
  custom:video-codec-MediaFoundation-h265: 746d11721c4dcdbdad8f713fa42b33f4 -> 
  custom:video-decoder-ogg-theora: a1e56fd34408186e4bbccfd4996cb3dc -> 
  custom:framework-win-MediaFoundation: 216162199b28c13a410421893ffa2e32 -> 
  custom:CustomObjectIndexerAttribute: 6d391050e5a25f67b0a2c618074f2cd9 -> 
  custom:container-demuxer-webm: 4f35f7cbe854078d1ac9338744f61a02 -> 
  custom:container-muxer-webm: aa71ff27fc2769a1b78a27578f13a17b -> 
  custom:video-decoder-webm-vp8: 9c59270c3fd7afecdb556c50c9e8de78 -> 
  custom:SearchIndexIgnoredProperties: e643bd26f0fe6173181afceb89e7c659 -> 
  custom:AudioImporter_EditorPlatform: d09bf68614088b80899f8185d706f6e7 -> 
  custom:video-encoder-webm-vp8: eb34c28f22e8b96e1ab97ce403110664 -> 
  custom:audio-decoder-ogg-vorbis: bf7c407c2cedff20999df2af8eb42d56 -> 
  custom:audio-encoder-webm-vorbis: bf7c407c2cedff20999df2af8eb42d56 -> 
========================================================================
Received Import Request.
  Time since last request: 223727.184999 seconds.
  path: Assets/Slide 1.2-Assets/Sprites/Exit Pixelated.png
  artifactKey: Guid(f8f74aee8581b394295da0d78db87719) Importer(815301076,1909f56bfc062723c751e8b465ee728b)
Start importing Assets/Slide 1.2-Assets/Sprites/Exit Pixelated.png using Guid(f8f74aee8581b394295da0d78db87719) Importer(815301076,1909f56bfc062723c751e8b465ee728b)  -> (artifact id: '69fdbcbca1d66f8644921616b799baab') in 0.915665 seconds
Number of updated asset objects reloaded before import = 0
Number of asset objects unloaded after import = 3
========================================================================
Received Import Request.
  Time since last request: 0.000246 seconds.
  path: Assets/Slide 1.2-Assets/Sprites/SPA_Rock_Grass_Water.png
  artifactKey: Guid(c73580ce381f23d4484ca32cd53a17d3) Importer(815301076,1909f56bfc062723c751e8b465ee728b)
Start importing Assets/Slide 1.2-Assets/Sprites/SPA_Rock_Grass_Water.png using Guid(c73580ce381f23d4484ca32cd53a17d3) Importer(815301076,1909f56bfc062723c751e8b465ee728b)  -> (artifact id: 'c18a33a31364c3e96d93733772f4514f') in 0.096602 seconds
Number of updated asset objects reloaded before import = 0
Number of asset objects unloaded after import = 32
========================================================================
Received Import Request.
  Time since last request: 0.000026 seconds.
  path: Assets/Slide 1.2-Assets/Sprites/SPA_Ladder.png
  artifactKey: Guid(b3b624bcd8fb7a84193cf662f6b42a50) Importer(815301076,1909f56bfc062723c751e8b465ee728b)
Start importing Assets/Slide 1.2-Assets/Sprites/SPA_Ladder.png using Guid(b3b624bcd8fb7a84193cf662f6b42a50) Importer(815301076,1909f56bfc062723c751e8b465ee728b)  -> (artifact id: 'e32bf27cd2bacbd43bb330b63898e976') in 0.015821 seconds
Number of updated asset objects reloaded before import = 0
Number of asset objects unloaded after import = 3
========================================================================
Received Import Request.
  Time since last request: 0.000029 seconds.
  path: Assets/Slide 1.2-Assets/Sprites/TileVania Mushroom.png
  artifactKey: Guid(a3d5fcd826a3f8b44bb0a3635e288643) Importer(815301076,1909f56bfc062723c751e8b465ee728b)
Start importing Assets/Slide 1.2-Assets/Sprites/TileVania Mushroom.png using Guid(a3d5fcd826a3f8b44bb0a3635e288643) Importer(815301076,1909f56bfc062723c751e8b465ee728b)  -> (artifact id: '99a97d92cb8e612f43441328c14ae24f') in 0.014381 seconds
Number of updated asset objects reloaded before import = 0
Number of asset objects unloaded after import = 3
========================================================================
Received Import Request.
  Time since last request: 0.000020 seconds.
  path: Assets/Slide 1.2-Assets/Sprites/Spikes.png
  artifactKey: Guid(60ab8e98f0e9c044ca94e1b83a1273a7) Importer(815301076,1909f56bfc062723c751e8b465ee728b)
Start importing Assets/Slide 1.2-Assets/Sprites/Spikes.png using Guid(60ab8e98f0e9c044ca94e1b83a1273a7) Importer(815301076,1909f56bfc062723c751e8b465ee728b)  -> (artifact id: 'd1aa848c6e313fc4049846e11cc86c5a') in 0.016422 seconds
Number of updated asset objects reloaded before import = 0
Number of asset objects unloaded after import = 3
========================================================================
Received Import Request.
  Time since last request: 0.000026 seconds.
  path: Assets/Slide 1.2-Assets/Sprites/SPA_Background brown tint.png
  artifactKey: Guid(8a0c73705aa9bbc499ebe60bfb78e53c) Importer(815301076,1909f56bfc062723c751e8b465ee728b)
Start importing Assets/Slide 1.2-Assets/Sprites/SPA_Background brown tint.png using Guid(8a0c73705aa9bbc499ebe60bfb78e53c) Importer(815301076,1909f56bfc062723c751e8b465ee728b)  -> (artifact id: '562ade3ae60291650af014e7aa0c1b47') in 0.051190 seconds
Number of updated asset objects reloaded before import = 0
Number of asset objects unloaded after import = 18
========================================================================
Received Import Request.
  Time since last request: 0.000024 seconds.
  path: Assets/Slide 1.2-Assets/Sprites/SPA_Coins.png
  artifactKey: Guid(72144890b9d672b439ccce38b7190ae9) Importer(815301076,1909f56bfc062723c751e8b465ee728b)
Start importing Assets/Slide 1.2-Assets/Sprites/SPA_Coins.png using Guid(72144890b9d672b439ccce38b7190ae9) Importer(815301076,1909f56bfc062723c751e8b465ee728b)  -> (artifact id: 'bfdab18fe1791543cbdf2456a3a6d473') in 0.032120 seconds
Number of updated asset objects reloaded before import = 0
Number of asset objects unloaded after import = 14
========================================================================
Received Import Request.
  Time since last request: 13.237339 seconds.
  path: Assets/Slide 1.2-Assets/Sprites/SPA_Ladder 1.png
  artifactKey: Guid(fc4313605fa761a48923ebd7074ff032) Importer(815301076,1909f56bfc062723c751e8b465ee728b)
Start importing Assets/Slide 1.2-Assets/Sprites/SPA_Ladder 1.png using Guid(fc4313605fa761a48923ebd7074ff032) Importer(815301076,1909f56bfc062723c751e8b465ee728b)  -> (artifact id: '9ccb13655803c7f3165d5e36ceae7d59') in 0.017562 seconds
Number of updated asset objects reloaded before import = 0
Number of asset objects unloaded after import = 3
========================================================================
Received Import Request.
  Time since last request: 201.470760 seconds.
  path: Assets/Slide 1.2-Assets/Tiles/SPA_Background brown tint_0.asset
  artifactKey: Guid(3e9a3bcdd939e4543b9e50213579c912) Importer(815301076,1909f56bfc062723c751e8b465ee728b)
Start importing Assets/Slide 1.2-Assets/Tiles/SPA_Background brown tint_0.asset using Guid(3e9a3bcdd939e4543b9e50213579c912) Importer(815301076,1909f56bfc062723c751e8b465ee728b)  -> (artifact id: '88383ff43afb093e2509947f73583357') in 0.453188 seconds
Number of updated asset objects reloaded before import = 0
Number of asset objects unloaded after import = 3
========================================================================
Received Import Request.
  Time since last request: 0.000096 seconds.
  path: Assets/Slide 1.2-Assets/Tiles/SPA_Rock_Grass_Water_9.asset
  artifactKey: Guid(382cd2ee3d3add34294b998b29445bd9) Importer(815301076,1909f56bfc062723c751e8b465ee728b)
Start importing Assets/Slide 1.2-Assets/Tiles/SPA_Rock_Grass_Water_9.asset using Guid(382cd2ee3d3add34294b998b29445bd9) Importer(815301076,1909f56bfc062723c751e8b465ee728b)  -> (artifact id: 'f02658a456a1cf74efd0cc8d659b7430') in 0.014593 seconds
Number of updated asset objects reloaded before import = 0
Number of asset objects unloaded after import = 3
========================================================================
Received Import Request.
  Time since last request: 0.000046 seconds.
  path: Assets/Slide 1.2-Assets/Tiles/SPA_Rock_Grass_Water_10.asset
  artifactKey: Guid(0613991664ebde2449f38780ea826e1b) Importer(815301076,1909f56bfc062723c751e8b465ee728b)
Start importing Assets/Slide 1.2-Assets/Tiles/SPA_Rock_Grass_Water_10.asset using Guid(0613991664ebde2449f38780ea826e1b) Importer(815301076,1909f56bfc062723c751e8b465ee728b)  -> (artifact id: '7fb847f830a32100d6a41c2dbb835b23') in 0.013787 seconds
Number of updated asset objects reloaded before import = 0
Number of asset objects unloaded after import = 3
========================================================================
Received Import Request.
  Time since last request: 0.000029 seconds.
  path: Assets/Slide 1.2-Assets/Tiles/SPA_Rock_Grass_Water_7.asset
  artifactKey: Guid(6031adee0a6a0b84eb5c81913bd2ebd9) Importer(815301076,1909f56bfc062723c751e8b465ee728b)
Start importing Assets/Slide 1.2-Assets/Tiles/SPA_Rock_Grass_Water_7.asset using Guid(6031adee0a6a0b84eb5c81913bd2ebd9) Importer(815301076,1909f56bfc062723c751e8b465ee728b)  -> (artifact id: '0e4767c0752d861135ccc0372b428cd8') in 0.010406 seconds
Number of updated asset objects reloaded before import = 0
Number of asset objects unloaded after import = 3
========================================================================
Received Import Request.
  Time since last request: 0.000025 seconds.
  path: Assets/Slide 1.2-Assets/Tiles/SPA_Rock_Grass_Water_5.asset
  artifactKey: Guid(e72da4453e3911b4986d7524975ce761) Importer(815301076,1909f56bfc062723c751e8b465ee728b)
Start importing Assets/Slide 1.2-Assets/Tiles/SPA_Rock_Grass_Water_5.asset using Guid(e72da4453e3911b4986d7524975ce761) Importer(815301076,1909f56bfc062723c751e8b465ee728b)  -> (artifact id: '455884c31c3dc4bbd1651eaba399f3a0') in 0.009897 seconds
Number of updated asset objects reloaded before import = 0
Number of asset objects unloaded after import = 3
========================================================================
Received Import Request.
  Time since last request: 0.000021 seconds.
  path: Assets/Slide 1.2-Assets/Tiles/SPA_Background brown tint_1.asset
  artifactKey: Guid(f4df4cd0bcab4534fa26b6d21d6da10f) Importer(815301076,1909f56bfc062723c751e8b465ee728b)
Start importing Assets/Slide 1.2-Assets/Tiles/SPA_Background brown tint_1.asset using Guid(f4df4cd0bcab4534fa26b6d21d6da10f) Importer(815301076,1909f56bfc062723c751e8b465ee728b)  -> (artifact id: 'aa91f813f3db804e57146daa2751494c') in 0.009703 seconds
Number of updated asset objects reloaded before import = 0
Number of asset objects unloaded after import = 3
========================================================================
Received Import Request.
  Time since last request: 2.482261 seconds.
  path: Assets/Slide 1.2-Assets/Tiles/SPA_Rock_Grass_Water_14.asset
  artifactKey: Guid(cf576608c9b27be4682aa7f06a41d716) Importer(815301076,1909f56bfc062723c751e8b465ee728b)
Start importing Assets/Slide 1.2-Assets/Tiles/SPA_Rock_Grass_Water_14.asset using Guid(cf576608c9b27be4682aa7f06a41d716) Importer(815301076,1909f56bfc062723c751e8b465ee728b)  -> (artifact id: '81570fa5c351a132fa9e893254465507') in 0.007791 seconds
Number of updated asset objects reloaded before import = 0
Number of asset objects unloaded after import = 3
========================================================================
Received Import Request.
  Time since last request: 0.000019 seconds.
  path: Assets/Slide 1.2-Assets/Tiles/SPA_Rock_Grass_Water_18.asset
  artifactKey: Guid(8aac1a0c5d9f11f4f88ee4e168fbe7da) Importer(815301076,1909f56bfc062723c751e8b465ee728b)
Start importing Assets/Slide 1.2-Assets/Tiles/SPA_Rock_Grass_Water_18.asset using Guid(8aac1a0c5d9f11f4f88ee4e168fbe7da) Importer(815301076,1909f56bfc062723c751e8b465ee728b)  -> (artifact id: 'ae51dcf2d59e1f51a22e591dd0516053') in 0.008042 seconds
Number of updated asset objects reloaded before import = 0
Number of asset objects unloaded after import = 3
========================================================================
Received Import Request.
  Time since last request: 0.000031 seconds.
  path: Assets/Slide 1.2-Assets/Tiles/SPA_Rock_Grass_Water_17.asset
  artifactKey: Guid(24d1458633f52a648bf40ad43f5e364f) Importer(815301076,1909f56bfc062723c751e8b465ee728b)
Start importing Assets/Slide 1.2-Assets/Tiles/SPA_Rock_Grass_Water_17.asset using Guid(24d1458633f52a648bf40ad43f5e364f) Importer(815301076,1909f56bfc062723c751e8b465ee728b)  -> (artifact id: 'f0d0fd323e3deb21a7e25a42d0a37239') in 0.009830 seconds
Number of updated asset objects reloaded before import = 0
Number of asset objects unloaded after import = 3
========================================================================
Received Import Request.
  Time since last request: 0.124302 seconds.
  path: Assets/Slide 1.2-Assets/Tiles/SPA_Rock_Grass_Water_20.asset
  artifactKey: Guid(8ed5af85f2b7e1e4ba18bb521527fe85) Importer(815301076,1909f56bfc062723c751e8b465ee728b)
Start importing Assets/Slide 1.2-Assets/Tiles/SPA_Rock_Grass_Water_20.asset using Guid(8ed5af85f2b7e1e4ba18bb521527fe85) Importer(815301076,1909f56bfc062723c751e8b465ee728b)  -> (artifact id: '3a24f1a67d026fcfbe7a0b22a1cdfd0e') in 0.012549 seconds
Number of updated asset objects reloaded before import = 0
Number of asset objects unloaded after import = 3
========================================================================
Received Import Request.
  Time since last request: 0.000027 seconds.
  path: Assets/Slide 1.2-Assets/Tiles/SPA_Rock_Grass_Water_23.asset
  artifactKey: Guid(f1c78b58b8f68d4429feefa0f6c4d060) Importer(815301076,1909f56bfc062723c751e8b465ee728b)
Start importing Assets/Slide 1.2-Assets/Tiles/SPA_Rock_Grass_Water_23.asset using Guid(f1c78b58b8f68d4429feefa0f6c4d060) Importer(815301076,1909f56bfc062723c751e8b465ee728b)  -> (artifact id: '64b371b062bb57e5bc3b0be52b2f5fbf') in 0.008122 seconds
Number of updated asset objects reloaded before import = 0
Number of asset objects unloaded after import = 3
========================================================================
Received Import Request.
  Time since last request: 0.000046 seconds.
  path: Assets/Slide 1.2-Assets/Tiles/SPA_Rock_Grass_Water_22.asset
  artifactKey: Guid(a7c1763415606684f8c2f92fbbc7bfd9) Importer(815301076,1909f56bfc062723c751e8b465ee728b)
Start importing Assets/Slide 1.2-Assets/Tiles/SPA_Rock_Grass_Water_22.asset using Guid(a7c1763415606684f8c2f92fbbc7bfd9) Importer(815301076,1909f56bfc062723c751e8b465ee728b)  -> (artifact id: '0858b688609ebef3deb70fae1d54ee73') in 0.009305 seconds
Number of updated asset objects reloaded before import = 0
Number of asset objects unloaded after import = 3
========================================================================
Received Import Request.
  Time since last request: 3.143989 seconds.
  path: Assets/Slide 1.2-Assets/Tiles/SPA_Rock_Grass_Water_26.asset
  artifactKey: Guid(2fa17a0b6969f9e439afb32e6dfcc800) Importer(815301076,1909f56bfc062723c751e8b465ee728b)
Start importing Assets/Slide 1.2-Assets/Tiles/SPA_Rock_Grass_Water_26.asset using Guid(2fa17a0b6969f9e439afb32e6dfcc800) Importer(815301076,1909f56bfc062723c751e8b465ee728b)  -> (artifact id: '0c44b1ff3a5828cd8bef0fe5cef4a0d6') in 0.018295 seconds
Number of updated asset objects reloaded before import = 0
Number of asset objects unloaded after import = 3
========================================================================
Received Import Request.
  Time since last request: 0.000034 seconds.
  path: Assets/Slide 1.2-Assets/Tiles/SPA_Rock_Grass_Water_29.asset
  artifactKey: Guid(7dfe6c1af21834949a3e445147064c1d) Importer(815301076,1909f56bfc062723c751e8b465ee728b)
Start importing Assets/Slide 1.2-Assets/Tiles/SPA_Rock_Grass_Water_29.asset using Guid(7dfe6c1af21834949a3e445147064c1d) Importer(815301076,1909f56bfc062723c751e8b465ee728b)  -> (artifact id: 'd50943f7f793a3aaddb88c37f8976b8d') in 0.012389 seconds
Number of updated asset objects reloaded before import = 0
Number of asset objects unloaded after import = 3
Editor requested this worker to shutdown with reason: Scaling down because of idle timeout
TcpMessagingSession - receive error: operation aborted. errorcode: 995, details: The I/O operation has been aborted because of either a thread exit or an application request.
AssetImportWorker is now disconnected from the server
Process exiting
Exiting without the bug reporter. Application will terminate with return code 0