Using pre-set license
Built from '2022.3/staging' branch; Version is '2022.3.17f1 (4fc78088f837) revision 5228416'; Using compiler version '192829333'; Build Type 'Release'
OS: 'Windows 11  (10.0.22621) 64bit CoreSingleLanguage' Language: 'en' Physical Memory: 7812 MB
BatchMode: 1, IsHumanControllingUs: 0, StartBugReporterOnCrash: 0, Is64bit: 1, IsPro: 1

COMMAND LINE ARGUMENTS:
C:\Program Files\Unity\Hub\Editor\2022.3.17f1\Editor\Unity.exe
-adb2
-batchMode
-noUpm
-name
AssetImportWorker6
-projectPath
D:/Nam4/HK1-4/LapTrinhGame(2)/WorkSpace/week2
-logFile
Logs/AssetImportWorker6.log
-srvPort
63025
Successfully changed project path to: D:/Nam4/HK1-4/LapTrinhGame(2)/WorkSpace/week2
D:/Nam4/HK1-4/LapTrinhGame(2)/WorkSpace/week2
[UnityMemory] Configuration Parameters - Can be set up in boot.config
    "memorysetup-bucket-allocator-granularity=16"
    "memorysetup-bucket-allocator-bucket-count=8"
    "memorysetup-bucket-allocator-block-size=33554432"
    "memorysetup-bucket-allocator-block-count=8"
    "memorysetup-main-allocator-block-size=16777216"
    "memorysetup-thread-allocator-block-size=16777216"
    "memorysetup-gfx-main-allocator-block-size=16777216"
    "memorysetup-gfx-thread-allocator-block-size=16777216"
    "memorysetup-cache-allocator-block-size=4194304"
    "memorysetup-typetree-allocator-block-size=2097152"
    "memorysetup-profiler-bucket-allocator-granularity=16"
    "memorysetup-profiler-bucket-allocator-bucket-count=8"
    "memorysetup-profiler-bucket-allocator-block-size=33554432"
    "memorysetup-profiler-bucket-allocator-block-count=8"
    "memorysetup-profiler-allocator-block-size=16777216"
    "memorysetup-profiler-editor-allocator-block-size=1048576"
    "memorysetup-temp-allocator-size-main=16777216"
    "memorysetup-job-temp-allocator-block-size=2097152"
    "memorysetup-job-temp-allocator-block-size-background=1048576"
    "memorysetup-job-temp-allocator-reduction-small-platforms=262144"
    "memorysetup-allocator-temp-initial-block-size-main=262144"
    "memorysetup-allocator-temp-initial-block-size-worker=262144"
    "memorysetup-temp-allocator-size-background-worker=32768"
    "memorysetup-temp-allocator-size-job-worker=262144"
    "memorysetup-temp-allocator-size-preload-manager=33554432"
    "memorysetup-temp-allocator-size-nav-mesh-worker=65536"
    "memorysetup-temp-allocator-size-audio-worker=65536"
    "memorysetup-temp-allocator-size-cloud-worker=32768"
    "memorysetup-temp-allocator-size-gi-baking-worker=262144"
    "memorysetup-temp-allocator-size-gfx=262144"
Player connection [23628] Host "[IP] 10.60.69.208 [Port] 0 [Flags] 2 [Guid] 3134517985 [EditorId] 3134517985 [Version] 1048832 [Id] WindowsEditor(7,LAPTOP-5FDBJ5TF) [Debug] 1 [PackageName] WindowsEditor [ProjectName] Editor" joined multi-casting on [225.0.0.222:54997]...

Player connection [23628] Host "[IP] 10.60.69.208 [Port] 0 [Flags] 2 [Guid] 3134517985 [EditorId] 3134517985 [Version] 1048832 [Id] WindowsEditor(7,LAPTOP-5FDBJ5TF) [Debug] 1 [PackageName] WindowsEditor [ProjectName] Editor" joined alternative multi-casting on [225.0.0.222:34997]...

[Physics::Module] Initialized MultithreadedJobDispatcher with 15 workers.
Refreshing native plugins compatible for Editor in 19.20 ms, found 4 plugins.
Preloading 0 native plugins for Editor in 0.00 ms.
Initialize engine version: 2022.3.17f1 (4fc78088f837)
[Subsystems] Discovering subsystems at path C:/Program Files/Unity/Hub/Editor/2022.3.17f1/Editor/Data/Resources/UnitySubsystems
[Subsystems] Discovering subsystems at path D:/Nam4/HK1-4/LapTrinhGame(2)/WorkSpace/week2/Assets
GfxDevice: creating device client; threaded=0; jobified=0
Direct3D:
    Version:  Direct3D 11.0 [level 11.1]
    Renderer: NVIDIA GeForce RTX 3050 Laptop GPU (ID=0x25a2)
    Vendor:   NVIDIA
    VRAM:     3977 MB
    Driver:   31.0.15.2852
Initialize mono
Mono path[0] = 'C:/Program Files/Unity/Hub/Editor/2022.3.17f1/Editor/Data/Managed'
Mono path[1] = 'C:/Program Files/Unity/Hub/Editor/2022.3.17f1/Editor/Data/MonoBleedingEdge/lib/mono/unityjit-win32'
Mono config path = 'C:/Program Files/Unity/Hub/Editor/2022.3.17f1/Editor/Data/MonoBleedingEdge/etc'
Using monoOptions --debugger-agent=transport=dt_socket,embedding=1,server=y,suspend=n,address=127.0.0.1:56656
Begin MonoManager ReloadAssembly
Registering precompiled unity dll's ...
Register platform support module: C:/Program Files/Unity/Hub/Editor/2022.3.17f1/Editor/Data/PlaybackEngines/WebGLSupport/UnityEditor.WebGL.Extensions.dll
Register platform support module: C:/Program Files/Unity/Hub/Editor/2022.3.17f1/Editor/Data/PlaybackEngines/WindowsStandaloneSupport/UnityEditor.WindowsStandalone.Extensions.dll
Registered in 0.011269 seconds.
- Loaded All Assemblies, in  0.418 seconds
Native extension for WindowsStandalone target not found
Native extension for WebGL target not found
Mono: successfully reloaded assembly
- Finished resetting the current domain, in  0.221 seconds
Domain Reload Profiling: 636ms
	BeginReloadAssembly (160ms)
		ExecutionOrderSort (0ms)
		DisableScriptedObjects (0ms)
		BackupInstance (0ms)
		ReleaseScriptingObjects (0ms)
		CreateAndSetChildDomain (2ms)
	RebuildCommonClasses (39ms)
	RebuildNativeTypeToScriptingClass (8ms)
	initialDomainReloadingComplete (61ms)
	LoadAllAssembliesAndSetupDomain (146ms)
		LoadAssemblies (156ms)
		RebuildTransferFunctionScriptingTraits (0ms)
		AnalyzeDomain (142ms)
			TypeCache.Refresh (140ms)
				TypeCache.ScanAssembly (127ms)
			ScanForSourceGeneratedMonoScriptInfo (0ms)
			ResolveRequiredComponents (1ms)
	FinalizeReload (221ms)
		ReleaseScriptCaches (0ms)
		RebuildScriptCaches (0ms)
		SetupLoadedEditorAssemblies (173ms)
			LogAssemblyErrors (0ms)
			InitializePlatformSupportModulesInManaged (9ms)
			SetLoadedEditorAssemblies (6ms)
			RefreshPlugins (0ms)
			BeforeProcessingInitializeOnLoad (2ms)
			ProcessInitializeOnLoadAttributes (117ms)
			ProcessInitializeOnLoadMethodAttributes (39ms)
			AfterProcessingInitializeOnLoad (0ms)
			EditorAssembliesLoaded (0ms)
		ExecutionOrderSort2 (0ms)
		AwakeInstancesAfterBackupRestoration (0ms)
========================================================================
Worker process is ready to serve import requests
Begin MonoManager ReloadAssembly
- Loaded All Assemblies, in  0.766 seconds
Refreshing native plugins compatible for Editor in 3.39 ms, found 4 plugins.
Native extension for WindowsStandalone target not found
Native extension for WebGL target not found
Package Manager log level set to [2]
[Package Manager] Server::EnsureServerProcessIsRunning -- launch failed, reason: Unity was launched with the -noUpm command-line argument
[Package Manager] UpmClient::Send -- Unable to send message (not connected to UPM process).
[Package Manager] Cannot connect to Unity Package Manager local server
Mono: successfully reloaded assembly
- Finished resetting the current domain, in  0.498 seconds
Domain Reload Profiling: 1264ms
	BeginReloadAssembly (188ms)
		ExecutionOrderSort (0ms)
		DisableScriptedObjects (4ms)
		BackupInstance (0ms)
		ReleaseScriptingObjects (0ms)
		CreateAndSetChildDomain (21ms)
	RebuildCommonClasses (30ms)
	RebuildNativeTypeToScriptingClass (8ms)
	initialDomainReloadingComplete (36ms)
	LoadAllAssembliesAndSetupDomain (504ms)
		LoadAssemblies (425ms)
		RebuildTransferFunctionScriptingTraits (0ms)
		AnalyzeDomain (209ms)
			TypeCache.Refresh (188ms)
				TypeCache.ScanAssembly (168ms)
			ScanForSourceGeneratedMonoScriptInfo (17ms)
			ResolveRequiredComponents (3ms)
	FinalizeReload (499ms)
		ReleaseScriptCaches (0ms)
		RebuildScriptCaches (0ms)
		SetupLoadedEditorAssemblies (365ms)
			LogAssemblyErrors (0ms)
			InitializePlatformSupportModulesInManaged (7ms)
			SetLoadedEditorAssemblies (3ms)
			RefreshPlugins (0ms)
			BeforeProcessingInitializeOnLoad (58ms)
			ProcessInitializeOnLoadAttributes (258ms)
			ProcessInitializeOnLoadMethodAttributes (31ms)
			AfterProcessingInitializeOnLoad (7ms)
			EditorAssembliesLoaded (0ms)
		ExecutionOrderSort2 (0ms)
		AwakeInstancesAfterBackupRestoration (7ms)
Launched and connected shader compiler UnityShaderCompiler.exe after 0.08 seconds
Refreshing native plugins compatible for Editor in 2.07 ms, found 4 plugins.
Preloading 0 native plugins for Editor in 0.00 ms.
Unloading 4018 Unused Serialized files (Serialized files now loaded: 0)
Unloading 70 unused Assets / (244.2 KB). Loaded Objects now: 4474.
Memory consumption went from 145.3 MB to 145.0 MB.
Total: 4.791900 ms (FindLiveObjects: 0.258000 ms CreateObjectMapping: 0.115200 ms MarkObjects: 4.117700 ms  DeleteObjects: 0.299900 ms)

AssetImportParameters requested are different than current active one (requested -> active):
  custom:container-demuxer-ogg: 62fdf1f143b41e24485cea50d1cbac27 -> 
  custom:video-codec-MediaFoundation-h265: 746d11721c4dcdbdad8f713fa42b33f4 -> 
  custom:video-decoder-ogg-theora: a1e56fd34408186e4bbccfd4996cb3dc -> 
  custom:framework-win-MediaFoundation: 216162199b28c13a410421893ffa2e32 -> 
  custom:CustomObjectIndexerAttribute: 6d391050e5a25f67b0a2c618074f2cd9 -> 
  custom:container-demuxer-webm: 4f35f7cbe854078d1ac9338744f61a02 -> 
  custom:container-muxer-webm: aa71ff27fc2769a1b78a27578f13a17b -> 
  custom:video-decoder-webm-vp8: 9c59270c3fd7afecdb556c50c9e8de78 -> 
  custom:SearchIndexIgnoredProperties: e643bd26f0fe6173181afceb89e7c659 -> 
  custom:AudioImporter_EditorPlatform: d09bf68614088b80899f8185d706f6e7 -> 
  custom:video-encoder-webm-vp8: eb34c28f22e8b96e1ab97ce403110664 -> 
  custom:audio-decoder-ogg-vorbis: bf7c407c2cedff20999df2af8eb42d56 -> 
  custom:audio-encoder-webm-vorbis: bf7c407c2cedff20999df2af8eb42d56 -> 
========================================================================
Received Import Request.
  Time since last request: 223949.423187 seconds.
  path: Assets/Slide 1.2-Assets/Tiles/SPA_Rock_Grass_Water_27.asset
  artifactKey: Guid(4152ed1e983341041a1f3e69b7f4ba92) Importer(815301076,1909f56bfc062723c751e8b465ee728b)
Start importing Assets/Slide 1.2-Assets/Tiles/SPA_Rock_Grass_Water_27.asset using Guid(4152ed1e983341041a1f3e69b7f4ba92) Importer(815301076,1909f56bfc062723c751e8b465ee728b)  -> (artifact id: 'c2d500ecaa71969fd4f176d07f74005f') in 0.082367 seconds
Number of updated asset objects reloaded before import = 0
Number of asset objects unloaded after import = 3
========================================================================
Received Import Request.
  Time since last request: 120.355479 seconds.
  path: Assets/Slide 1.2-Assets/Sprites/Rule Tile.asset
  artifactKey: Guid(8f83a98e0a4e5fc44a6a70cbaab8005c) Importer(815301076,1909f56bfc062723c751e8b465ee728b)
Start importing Assets/Slide 1.2-Assets/Sprites/Rule Tile.asset using Guid(8f83a98e0a4e5fc44a6a70cbaab8005c) Importer(815301076,1909f56bfc062723c751e8b465ee728b)  -> (artifact id: '51a31e330847aead201bee4d523f47b1') in 0.018083 seconds
Number of updated asset objects reloaded before import = 0
Number of asset objects unloaded after import = 23
========================================================================
Received Import Request.
  Time since last request: 416.225773 seconds.
  path: Assets/Slide 1.2-Assets/Tiles/SPA_Rock_Grass_Water_0.asset
  artifactKey: Guid(be4b3aa62d7cb4340aa6d8b8462274d7) Importer(815301076,1909f56bfc062723c751e8b465ee728b)
Start importing Assets/Slide 1.2-Assets/Tiles/SPA_Rock_Grass_Water_0.asset using Guid(be4b3aa62d7cb4340aa6d8b8462274d7) Importer(815301076,1909f56bfc062723c751e8b465ee728b)  -> (artifact id: 'e5a5715f62b4e35d720b14801a5813bd') in 0.006585 seconds
Number of updated asset objects reloaded before import = 0
Number of asset objects unloaded after import = 3
========================================================================
Received Import Request.
  Time since last request: 0.035365 seconds.
  path: Assets/Slide 1.2-Assets/Tiles/SPA_Rock_Grass_Water_3.asset
  artifactKey: Guid(93b5e4a1e99b2c141b87b5d7c4a13b9d) Importer(815301076,1909f56bfc062723c751e8b465ee728b)
Start importing Assets/Slide 1.2-Assets/Tiles/SPA_Rock_Grass_Water_3.asset using Guid(93b5e4a1e99b2c141b87b5d7c4a13b9d) Importer(815301076,1909f56bfc062723c751e8b465ee728b)  -> (artifact id: '231a810fbc4ea8577114c2d0cd2da0f1') in 0.005559 seconds
Number of updated asset objects reloaded before import = 0
Number of asset objects unloaded after import = 3
========================================================================
Received Import Request.
  Time since last request: 0.024115 seconds.
  path: Assets/Slide 1.2-Assets/Tiles/SPA_Rock_Grass_Water_6.asset
  artifactKey: Guid(bc2d5595862461944ba94ccf6dbbdc5f) Importer(815301076,1909f56bfc062723c751e8b465ee728b)
Start importing Assets/Slide 1.2-Assets/Tiles/SPA_Rock_Grass_Water_6.asset using Guid(bc2d5595862461944ba94ccf6dbbdc5f) Importer(815301076,1909f56bfc062723c751e8b465ee728b)  -> (artifact id: '8edee62bf779574fc198513650ee1d6c') in 0.005254 seconds
Number of updated asset objects reloaded before import = 0
Number of asset objects unloaded after import = 3
========================================================================
Received Import Request.
  Time since last request: 0.000017 seconds.
  path: Assets/Slide 1.2-Assets/Tiles/SPA_Rock_Grass_Water_12.asset
  artifactKey: Guid(a790cf7fe059372438228772f72441d9) Importer(815301076,1909f56bfc062723c751e8b465ee728b)
Start importing Assets/Slide 1.2-Assets/Tiles/SPA_Rock_Grass_Water_12.asset using Guid(a790cf7fe059372438228772f72441d9) Importer(815301076,1909f56bfc062723c751e8b465ee728b)  -> (artifact id: '5d92271351852e3bb931c4b27de086c3') in 0.004810 seconds
Number of updated asset objects reloaded before import = 0
Number of asset objects unloaded after import = 3
========================================================================
Received Import Request.
  Time since last request: 0.000023 seconds.
  path: Assets/Slide 1.2-Assets/Tiles/SPA_Rock_Grass_Water_9.asset
  artifactKey: Guid(382cd2ee3d3add34294b998b29445bd9) Importer(815301076,1909f56bfc062723c751e8b465ee728b)
Start importing Assets/Slide 1.2-Assets/Tiles/SPA_Rock_Grass_Water_9.asset using Guid(382cd2ee3d3add34294b998b29445bd9) Importer(815301076,1909f56bfc062723c751e8b465ee728b)  -> (artifact id: '240c3a5249a5ab54e640eb4a5694fa2a') in 0.005832 seconds
Number of updated asset objects reloaded before import = 0
Number of asset objects unloaded after import = 3
========================================================================
Received Import Request.
  Time since last request: 0.000014 seconds.
  path: Assets/Slide 1.2-Assets/Tiles/SPA_Rock_Grass_Water_7.asset
  artifactKey: Guid(6031adee0a6a0b84eb5c81913bd2ebd9) Importer(815301076,1909f56bfc062723c751e8b465ee728b)
Start importing Assets/Slide 1.2-Assets/Tiles/SPA_Rock_Grass_Water_7.asset using Guid(6031adee0a6a0b84eb5c81913bd2ebd9) Importer(815301076,1909f56bfc062723c751e8b465ee728b)  -> (artifact id: 'dc213dcf33934fc0c67124a6c03589b1') in 0.005315 seconds
Number of updated asset objects reloaded before import = 0
Number of asset objects unloaded after import = 3
========================================================================
Received Import Request.
  Time since last request: 0.000014 seconds.
  path: Assets/Slide 1.2-Assets/Tiles/SPA_Rock_Grass_Water_4.asset
  artifactKey: Guid(6588dbf50e5ad344daaf37796ba972dd) Importer(815301076,1909f56bfc062723c751e8b465ee728b)
Start importing Assets/Slide 1.2-Assets/Tiles/SPA_Rock_Grass_Water_4.asset using Guid(6588dbf50e5ad344daaf37796ba972dd) Importer(815301076,1909f56bfc062723c751e8b465ee728b)  -> (artifact id: '6202a291069e07f636df44d3f1817c91') in 0.004072 seconds
Number of updated asset objects reloaded before import = 0
Number of asset objects unloaded after import = 3
========================================================================
Received Import Request.
  Time since last request: 0.000017 seconds.
  path: Assets/Slide 1.2-Assets/Tiles/SPA_Rock_Grass_Water_2.asset
  artifactKey: Guid(56a90d6573b01504cb99b48b8f6e95d5) Importer(815301076,1909f56bfc062723c751e8b465ee728b)
Start importing Assets/Slide 1.2-Assets/Tiles/SPA_Rock_Grass_Water_2.asset using Guid(56a90d6573b01504cb99b48b8f6e95d5) Importer(815301076,1909f56bfc062723c751e8b465ee728b)  -> (artifact id: '5580b49f5673986453d9830f14712a3c') in 0.006567 seconds
Number of updated asset objects reloaded before import = 0
Number of asset objects unloaded after import = 3
========================================================================
Received Import Request.
  Time since last request: 1.172904 seconds.
  path: Assets/Slide 1.2-Assets/Tiles/SPA_Rock_Grass_Water_14.asset
  artifactKey: Guid(cf576608c9b27be4682aa7f06a41d716) Importer(815301076,1909f56bfc062723c751e8b465ee728b)
Start importing Assets/Slide 1.2-Assets/Tiles/SPA_Rock_Grass_Water_14.asset using Guid(cf576608c9b27be4682aa7f06a41d716) Importer(815301076,1909f56bfc062723c751e8b465ee728b)  -> (artifact id: '7a6c59dd4b1462f6726033540754c689') in 0.005103 seconds
Number of updated asset objects reloaded before import = 0
Number of asset objects unloaded after import = 3
========================================================================
Received Import Request.
  Time since last request: 0.000023 seconds.
  path: Assets/Slide 1.2-Assets/Tiles/SPA_Rock_Grass_Water_18.asset
  artifactKey: Guid(8aac1a0c5d9f11f4f88ee4e168fbe7da) Importer(815301076,1909f56bfc062723c751e8b465ee728b)
Start importing Assets/Slide 1.2-Assets/Tiles/SPA_Rock_Grass_Water_18.asset using Guid(8aac1a0c5d9f11f4f88ee4e168fbe7da) Importer(815301076,1909f56bfc062723c751e8b465ee728b)  -> (artifact id: 'cae724d81516dba3b635b1313e75c428') in 0.004281 seconds
Number of updated asset objects reloaded before import = 0
Number of asset objects unloaded after import = 3
========================================================================
Received Import Request.
  Time since last request: 0.000016 seconds.
  path: Assets/Slide 1.2-Assets/Tiles/SPA_Rock_Grass_Water_17.asset
  artifactKey: Guid(24d1458633f52a648bf40ad43f5e364f) Importer(815301076,1909f56bfc062723c751e8b465ee728b)
Start importing Assets/Slide 1.2-Assets/Tiles/SPA_Rock_Grass_Water_17.asset using Guid(24d1458633f52a648bf40ad43f5e364f) Importer(815301076,1909f56bfc062723c751e8b465ee728b)  -> (artifact id: '45431bc1a69287d87607304538ff53ba') in 0.005164 seconds
Number of updated asset objects reloaded before import = 0
Number of asset objects unloaded after import = 3
========================================================================
Received Import Request.
  Time since last request: 0.455121 seconds.
  path: Assets/Slide 1.2-Assets/Tiles/SPA_Rock_Grass_Water_20.asset
  artifactKey: Guid(8ed5af85f2b7e1e4ba18bb521527fe85) Importer(815301076,1909f56bfc062723c751e8b465ee728b)
Start importing Assets/Slide 1.2-Assets/Tiles/SPA_Rock_Grass_Water_20.asset using Guid(8ed5af85f2b7e1e4ba18bb521527fe85) Importer(815301076,1909f56bfc062723c751e8b465ee728b)  -> (artifact id: 'cb24ca6a0be45fe4387fa9057f9e686d') in 0.005813 seconds
Number of updated asset objects reloaded before import = 0
Number of asset objects unloaded after import = 3
========================================================================
Received Import Request.
  Time since last request: 0.000012 seconds.
  path: Assets/Slide 1.2-Assets/Tiles/SPA_Rock_Grass_Water_23.asset
  artifactKey: Guid(f1c78b58b8f68d4429feefa0f6c4d060) Importer(815301076,1909f56bfc062723c751e8b465ee728b)
Start importing Assets/Slide 1.2-Assets/Tiles/SPA_Rock_Grass_Water_23.asset using Guid(f1c78b58b8f68d4429feefa0f6c4d060) Importer(815301076,1909f56bfc062723c751e8b465ee728b)  -> (artifact id: '1ce25e4046caeae97c274316d25c6f7c') in 0.005368 seconds
Number of updated asset objects reloaded before import = 0
Number of asset objects unloaded after import = 3
========================================================================
Received Import Request.
  Time since last request: 0.000016 seconds.
  path: Assets/Slide 1.2-Assets/Tiles/SPA_Rock_Grass_Water_22.asset
  artifactKey: Guid(a7c1763415606684f8c2f92fbbc7bfd9) Importer(815301076,1909f56bfc062723c751e8b465ee728b)
Start importing Assets/Slide 1.2-Assets/Tiles/SPA_Rock_Grass_Water_22.asset using Guid(a7c1763415606684f8c2f92fbbc7bfd9) Importer(815301076,1909f56bfc062723c751e8b465ee728b)  -> (artifact id: 'af5f221f72a298e3afa917612fc234d5') in 0.006052 seconds
Number of updated asset objects reloaded before import = 0
Number of asset objects unloaded after import = 3
========================================================================
Received Import Request.
  Time since last request: 0.045100 seconds.
  path: Assets/Slide 1.2-Assets/Tiles/SPA_Rock_Grass_Water_26.asset
  artifactKey: Guid(2fa17a0b6969f9e439afb32e6dfcc800) Importer(815301076,1909f56bfc062723c751e8b465ee728b)
Start importing Assets/Slide 1.2-Assets/Tiles/SPA_Rock_Grass_Water_26.asset using Guid(2fa17a0b6969f9e439afb32e6dfcc800) Importer(815301076,1909f56bfc062723c751e8b465ee728b)  -> (artifact id: '239c457bac72b4e906d35ef5f1f7bdca') in 0.005712 seconds
Number of updated asset objects reloaded before import = 0
Number of asset objects unloaded after import = 3
========================================================================
Received Import Request.
  Time since last request: 0.000047 seconds.
  path: Assets/Slide 1.2-Assets/Tiles/SPA_Rock_Grass_Water_29.asset
  artifactKey: Guid(7dfe6c1af21834949a3e445147064c1d) Importer(815301076,1909f56bfc062723c751e8b465ee728b)
Start importing Assets/Slide 1.2-Assets/Tiles/SPA_Rock_Grass_Water_29.asset using Guid(7dfe6c1af21834949a3e445147064c1d) Importer(815301076,1909f56bfc062723c751e8b465ee728b)  -> (artifact id: '6f4b804f8572e2de24f0dda3de05f946') in 0.004602 seconds
Number of updated asset objects reloaded before import = 0
Number of asset objects unloaded after import = 3
========================================================================
Received Import Request.
  Time since last request: 0.000018 seconds.
  path: Assets/Slide 1.2-Assets/Tiles/SPA_Rock_Grass_Water_28.asset
  artifactKey: Guid(e6dad51c5a58430408540d57dcd41bf6) Importer(815301076,1909f56bfc062723c751e8b465ee728b)
Start importing Assets/Slide 1.2-Assets/Tiles/SPA_Rock_Grass_Water_28.asset using Guid(e6dad51c5a58430408540d57dcd41bf6) Importer(815301076,1909f56bfc062723c751e8b465ee728b)  -> (artifact id: '8d085cb0bb7b8d3fcb4a2b478e93ad21') in 0.003981 seconds
Number of updated asset objects reloaded before import = 0
Number of asset objects unloaded after import = 3
Editor requested this worker to shutdown with reason: Scaling down because of idle timeout
TcpMessagingSession - receive error: operation aborted. errorcode: 995, details: The I/O operation has been aborted because of either a thread exit or an application request.
AssetImportWorker is now disconnected from the server
Process exiting
Exiting without the bug reporter. Application will terminate with return code 0